<?xml version="1.0" encoding="UTF-8"?>
<coverage generated="1772046577481" clover="3.2.0">
  <project timestamp="1772046577481" name="All files">
    <metrics statements="90" coveredstatements="72" conditionals="44" coveredconditionals="39" methods="17" coveredmethods="9" elements="151" coveredelements="120" complexity="0" loc="90" ncloc="90" packages="3" files="5" classes="5"/>
    <package name="constants">
      <metrics statements="12" coveredstatements="12" conditionals="0" coveredconditionals="0" methods="0" coveredmethods="0"/>
      <file name="game.ts" path="/Users/f3r/code/projects/kai-math-game/src/constants/game.ts">
        <metrics statements="12" coveredstatements="12" conditionals="0" coveredconditionals="0" methods="0" coveredmethods="0"/>
        <line num="1" count="4" type="stmt"/>
        <line num="2" count="4" type="stmt"/>
        <line num="3" count="4" type="stmt"/>
        <line num="4" count="4" type="stmt"/>
        <line num="5" count="4" type="stmt"/>
        <line num="6" count="4" type="stmt"/>
        <line num="7" count="4" type="stmt"/>
        <line num="8" count="4" type="stmt"/>
        <line num="9" count="4" type="stmt"/>
        <line num="13" count="4" type="stmt"/>
        <line num="14" count="4" type="stmt"/>
        <line num="15" count="4" type="stmt"/>
      </file>
    </package>
    <package name="hooks">
      <metrics statements="39" coveredstatements="22" conditionals="24" coveredconditionals="19" methods="9" coveredmethods="1"/>
      <file name="useGameState.ts" path="/Users/f3r/code/projects/kai-math-game/src/hooks/useGameState.ts">
        <metrics statements="39" coveredstatements="22" conditionals="24" coveredconditionals="19" methods="9" coveredmethods="1"/>
        <line num="7" count="1" type="stmt"/>
        <line num="14" count="9" type="cond" truecount="6" falsecount="2"/>
        <line num="16" count="1" type="stmt"/>
        <line num="19" count="1" type="stmt"/>
        <line num="20" count="1" type="stmt"/>
        <line num="21" count="1" type="stmt"/>
        <line num="37" count="1" type="stmt"/>
        <line num="52" count="4" type="cond" truecount="2" falsecount="0"/>
        <line num="53" count="3" type="stmt"/>
        <line num="54" count="3" type="stmt"/>
        <line num="55" count="3" type="stmt"/>
        <line num="56" count="3" type="stmt"/>
        <line num="57" count="3" type="cond" truecount="2" falsecount="0"/>
        <line num="58" count="4" type="stmt"/>
        <line num="60" count="4" type="stmt"/>
        <line num="68" count="4" type="stmt"/>
        <line num="69" count="4" type="stmt"/>
        <line num="70" count="4" type="cond" truecount="2" falsecount="0"/>
        <line num="72" count="4" type="stmt"/>
        <line num="86" count="1" type="cond" truecount="1" falsecount="1"/>
        <line num="87" count="1" type="stmt"/>
        <line num="98" count="0" type="cond" truecount="0" falsecount="2"/>
        <line num="99" count="0" type="stmt"/>
        <line num="100" count="0" type="stmt"/>
        <line num="108" count="1" type="stmt"/>
        <line num="114" count="0" type="stmt"/>
        <line num="119" count="0" type="stmt"/>
        <line num="121" count="0" type="stmt"/>
        <line num="123" count="0" type="stmt"/>
        <line num="124" count="0" type="stmt"/>
        <line num="127" count="0" type="stmt"/>
        <line num="128" count="0" type="stmt"/>
        <line num="131" count="0" type="stmt"/>
        <line num="132" count="0" type="stmt"/>
        <line num="135" count="0" type="stmt"/>
        <line num="136" count="0" type="stmt"/>
        <line num="139" count="0" type="stmt"/>
        <line num="140" count="0" type="stmt"/>
        <line num="142" count="0" type="stmt"/>
      </file>
    </package>
    <package name="utils">
      <metrics statements="39" coveredstatements="38" conditionals="20" coveredconditionals="20" methods="8" coveredmethods="8"/>
      <file name="questions.ts" path="/Users/f3r/code/projects/kai-math-game/src/utils/questions.ts">
        <metrics statements="14" coveredstatements="14" conditionals="4" coveredconditionals="4" methods="2" coveredmethods="2"/>
        <line num="5" count="7" type="stmt"/>
        <line num="6" count="7" type="stmt"/>
        <line num="7" count="101" type="stmt"/>
        <line num="8" count="101" type="stmt"/>
        <line num="9" count="101" type="stmt"/>
        <line num="10" count="101" type="stmt"/>
        <line num="12" count="7" type="stmt"/>
        <line num="16" count="7" type="stmt"/>
        <line num="18" count="7" type="stmt"/>
        <line num="19" count="9" type="stmt"/>
        <line num="20" count="108" type="stmt"/>
        <line num="21" count="108" type="stmt"/>
        <line num="29" count="7" type="stmt"/>
        <line num="30" count="7" type="stmt"/>
      </file>
      <file name="scoring.ts" path="/Users/f3r/code/projects/kai-math-game/src/utils/scoring.ts">
        <metrics statements="12" coveredstatements="12" conditionals="10" coveredconditionals="10" methods="3" coveredmethods="3"/>
        <line num="12" count="11" type="cond" truecount="2" falsecount="0"/>
        <line num="14" count="8" type="stmt"/>
        <line num="15" count="8" type="stmt"/>
        <line num="17" count="8" type="cond" truecount="2" falsecount="0"/>
        <line num="18" count="3" type="stmt"/>
        <line num="19" count="5" type="cond" truecount="2" falsecount="0"/>
        <line num="20" count="2" type="stmt"/>
        <line num="23" count="8" type="stmt"/>
        <line num="27" count="6" type="cond" truecount="2" falsecount="0"/>
        <line num="28" count="4" type="cond" truecount="2" falsecount="0"/>
        <line num="29" count="2" type="stmt"/>
        <line num="33" count="2" type="stmt"/>
      </file>
      <file name="storage.ts" path="/Users/f3r/code/projects/kai-math-game/src/utils/storage.ts">
        <metrics statements="13" coveredstatements="12" conditionals="6" coveredconditionals="6" methods="3" coveredmethods="3"/>
        <line num="4" count="12" type="stmt"/>
        <line num="5" count="12" type="stmt"/>
        <line num="6" count="12" type="cond" truecount="2" falsecount="0"/>
        <line num="7" count="7" type="stmt"/>
        <line num="8" count="7" type="cond" truecount="2" falsecount="0"/>
        <line num="10" count="0" type="stmt"/>
        <line num="15" count="6" type="stmt"/>
        <line num="16" count="6" type="stmt"/>
        <line num="23" count="4" type="stmt"/>
        <line num="24" count="4" type="cond" truecount="2" falsecount="0"/>
        <line num="25" count="2" type="stmt"/>
        <line num="26" count="2" type="stmt"/>
        <line num="28" count="2" type="stmt"/>
      </file>
    </package>
  </project>
</coverage>
