{"/Users/f3r/code/projects/kai-math-game/src/constants/game.ts": {"path":"/Users/f3r/code/projects/kai-math-game/src/constants/game.ts","statementMap":{"0":{"start":{"line":1,"column":37},"end":{"line":1,"column":null}},"1":{"start":{"line":2,"column":38},"end":{"line":2,"column":null}},"2":{"start":{"line":3,"column":27},"end":{"line":3,"column":null}},"3":{"start":{"line":4,"column":28},"end":{"line":4,"column":null}},"4":{"start":{"line":5,"column":32},"end":{"line":5,"column":null}},"5":{"start":{"line":6,"column":34},"end":{"line":6,"column":null}},"6":{"start":{"line":7,"column":36},"end":{"line":7,"column":null}},"7":{"start":{"line":8,"column":38},"end":{"line":8,"column":null}},"8":{"start":{"line":9,"column":31},"end":{"line":12,"column":null}},"9":{"start":{"line":13,"column":25},"end":{"line":13,"column":null}},"10":{"start":{"line":14,"column":25},"end":{"line":14,"column":null}},"11":{"start":{"line":15,"column":30},"end":{"line":15,"column":null}}},"fnMap":{},"branchMap":{},"s":{"0":4,"1":4,"2":4,"3":4,"4":4,"5":4,"6":4,"7":4,"8":4,"9":4,"10":4,"11":4},"f":{},"b":{},"meta":{"lastBranch":0,"lastFunction":0,"lastStatement":12,"seen":{"s:1:37:1:Infinity":0,"s:2:38:2:Infinity":1,"s:3:27:3:Infinity":2,"s:4:28:4:Infinity":3,"s:5:32:5:Infinity":4,"s:6:34:6:Infinity":5,"s:7:36:7:Infinity":6,"s:8:38:8:Infinity":7,"s:9:31:12:Infinity":8,"s:13:25:13:Infinity":9,"s:14:25:14:Infinity":10,"s:15:30:15:Infinity":11}}}
,"/Users/f3r/code/projects/kai-math-game/src/hooks/useGameState.ts": {"path":"/Users/f3r/code/projects/kai-math-game/src/hooks/useGameState.ts","statementMap":{"0":{"start":{"line":7,"column":32},"end":{"line":11,"column":null}},"1":{"start":{"line":14,"column":2},"end":{"line":115,"column":null}},"2":{"start":{"line":16,"column":6},"end":{"line":16,"column":null}},"3":{"start":{"line":19,"column":12},"end":{"line":19,"column":null}},"4":{"start":{"line":20,"column":18},"end":{"line":20,"column":null}},"5":{"start":{"line":21,"column":6},"end":{"line":33,"column":null}},"6":{"start":{"line":37,"column":6},"end":{"line":49,"column":null}},"7":{"start":{"line":52,"column":6},"end":{"line":52,"column":null}},"8":{"start":{"line":52,"column":26},"end":{"line":52,"column":null}},"9":{"start":{"line":53,"column":26},"end":{"line":53,"column":null}},"10":{"start":{"line":54,"column":30},"end":{"line":54,"column":null}},"11":{"start":{"line":55,"column":24},"end":{"line":55,"column":null}},"12":{"start":{"line":56,"column":24},"end":{"line":56,"column":null}},"13":{"start":{"line":57,"column":24},"end":{"line":57,"column":null}},"14":{"start":{"line":58,"column":12},"end":{"line":58,"column":null}},"15":{"start":{"line":60,"column":31},"end":{"line":66,"column":null}},"16":{"start":{"line":68,"column":23},"end":{"line":68,"column":null}},"17":{"start":{"line":69,"column":29},"end":{"line":69,"column":null}},"18":{"start":{"line":70,"column":29},"end":{"line":70,"column":null}},"19":{"start":{"line":72,"column":6},"end":{"line":82,"column":null}},"20":{"start":{"line":86,"column":6},"end":{"line":86,"column":null}},"21":{"start":{"line":86,"column":26},"end":{"line":86,"column":null}},"22":{"start":{"line":87,"column":6},"end":{"line":94,"column":null}},"23":{"start":{"line":98,"column":6},"end":{"line":98,"column":null}},"24":{"start":{"line":98,"column":26},"end":{"line":98,"column":null}},"25":{"start":{"line":99,"column":6},"end":{"line":99,"column":null}},"26":{"start":{"line":100,"column":6},"end":{"line":104,"column":null}},"27":{"start":{"line":108,"column":6},"end":{"line":111,"column":null}},"28":{"start":{"line":114,"column":6},"end":{"line":114,"column":null}},"29":{"start":{"line":119,"column":24},"end":{"line":119,"column":null}},"30":{"start":{"line":121,"column":8},"end":{"line":121,"column":null}},"31":{"start":{"line":121,"column":44},"end":{"line":121,"column":86}},"32":{"start":{"line":123,"column":8},"end":{"line":125,"column":null}},"33":{"start":{"line":124,"column":4},"end":{"line":124,"column":null}},"34":{"start":{"line":127,"column":8},"end":{"line":129,"column":null}},"35":{"start":{"line":128,"column":4},"end":{"line":128,"column":null}},"36":{"start":{"line":131,"column":8},"end":{"line":133,"column":null}},"37":{"start":{"line":132,"column":4},"end":{"line":132,"column":null}},"38":{"start":{"line":135,"column":8},"end":{"line":137,"column":null}},"39":{"start":{"line":136,"column":4},"end":{"line":136,"column":null}},"40":{"start":{"line":139,"column":8},"end":{"line":139,"column":null}},"41":{"start":{"line":139,"column":42},"end":{"line":139,"column":80}},"42":{"start":{"line":140,"column":8},"end":{"line":140,"column":null}},"43":{"start":{"line":140,"column":34},"end":{"line":140,"column":63}},"44":{"start":{"line":142,"column":2},"end":{"line":151,"column":null}}},"fnMap":{"0":{"name":"gameReducer","decl":{"start":{"line":13,"column":9},"end":{"line":13,"column":21}},"loc":{"start":{"line":13,"column":70},"end":{"line":116,"column":null}},"line":13},"1":{"name":"useGameState","decl":{"start":{"line":118,"column":16},"end":{"line":118,"column":31}},"loc":{"start":{"line":118,"column":31},"end":{"line":152,"column":null}},"line":118},"2":{"name":"(anonymous_2)","decl":{"start":{"line":121,"column":38},"end":{"line":121,"column":44}},"loc":{"start":{"line":121,"column":44},"end":{"line":121,"column":86}},"line":121},"3":{"name":"(anonymous_3)","decl":{"start":{"line":123,"column":35},"end":{"line":123,"column":36}},"loc":{"start":{"line":123,"column":66},"end":{"line":125,"column":5}},"line":123},"4":{"name":"(anonymous_4)","decl":{"start":{"line":127,"column":32},"end":{"line":127,"column":33}},"loc":{"start":{"line":127,"column":87},"end":{"line":129,"column":5}},"line":127},"5":{"name":"(anonymous_5)","decl":{"start":{"line":131,"column":35},"end":{"line":131,"column":36}},"loc":{"start":{"line":131,"column":66},"end":{"line":133,"column":5}},"line":131},"6":{"name":"(anonymous_6)","decl":{"start":{"line":135,"column":35},"end":{"line":135,"column":41}},"loc":{"start":{"line":135,"column":41},"end":{"line":137,"column":5}},"line":135},"7":{"name":"(anonymous_7)","decl":{"start":{"line":139,"column":36},"end":{"line":139,"column":42}},"loc":{"start":{"line":139,"column":42},"end":{"line":139,"column":80}},"line":139},"8":{"name":"(anonymous_8)","decl":{"start":{"line":140,"column":28},"end":{"line":140,"column":34}},"loc":{"start":{"line":140,"column":34},"end":{"line":140,"column":63}},"line":140}},"branchMap":{"0":{"loc":{"start":{"line":14,"column":2},"end":{"line":115,"column":null}},"type":"switch","locations":[{"start":{"line":15,"column":4},"end":{"line":16,"column":null}},{"start":{"line":18,"column":4},"end":{"line":34,"column":null}},{"start":{"line":36,"column":4},"end":{"line":49,"column":null}},{"start":{"line":51,"column":4},"end":{"line":83,"column":null}},{"start":{"line":85,"column":4},"end":{"line":95,"column":null}},{"start":{"line":97,"column":4},"end":{"line":105,"column":null}},{"start":{"line":107,"column":4},"end":{"line":111,"column":null}},{"start":{"line":113,"column":4},"end":{"line":114,"column":null}}],"line":14},"1":{"loc":{"start":{"line":41,"column":26},"end":{"line":41,"column":null}},"type":"binary-expr","locations":[{"start":{"line":41,"column":26},"end":{"line":41,"column":59}},{"start":{"line":41,"column":59},"end":{"line":41,"column":null}}],"line":41},"2":{"loc":{"start":{"line":52,"column":6},"end":{"line":52,"column":null}},"type":"if","locations":[{"start":{"line":52,"column":6},"end":{"line":52,"column":null}},{"start":{},"end":{}}],"line":52},"3":{"loc":{"start":{"line":57,"column":24},"end":{"line":57,"column":null}},"type":"cond-expr","locations":[{"start":{"line":57,"column":36},"end":{"line":57,"column":57}},{"start":{"line":57,"column":57},"end":{"line":57,"column":null}}],"line":57},"4":{"loc":{"start":{"line":70,"column":29},"end":{"line":70,"column":null}},"type":"cond-expr","locations":[{"start":{"line":70,"column":29},"end":{"line":70,"column":82}},{"start":{"line":70,"column":82},"end":{"line":70,"column":null}}],"line":70},"5":{"loc":{"start":{"line":74,"column":16},"end":{"line":74,"column":null}},"type":"cond-expr","locations":[{"start":{"line":74,"column":33},"end":{"line":74,"column":45}},{"start":{"line":74,"column":45},"end":{"line":74,"column":null}}],"line":74},"6":{"loc":{"start":{"line":75,"column":19},"end":{"line":75,"column":null}},"type":"cond-expr","locations":[{"start":{"line":75,"column":36},"end":{"line":75,"column":47}},{"start":{"line":75,"column":47},"end":{"line":75,"column":null}}],"line":75},"7":{"loc":{"start":{"line":86,"column":6},"end":{"line":86,"column":null}},"type":"if","locations":[{"start":{"line":86,"column":6},"end":{"line":86,"column":null}},{"start":{},"end":{}}],"line":86},"8":{"loc":{"start":{"line":98,"column":6},"end":{"line":98,"column":null}},"type":"if","locations":[{"start":{"line":98,"column":6},"end":{"line":98,"column":null}},{"start":{},"end":{}}],"line":98}},"s":{"0":1,"1":9,"2":1,"3":1,"4":1,"5":1,"6":1,"7":4,"8":1,"9":3,"10":3,"11":3,"12":3,"13":3,"14":4,"15":4,"16":4,"17":4,"18":4,"19":4,"20":1,"21":0,"22":1,"23":0,"24":0,"25":0,"26":0,"27":1,"28":0,"29":0,"30":0,"31":0,"32":0,"33":0,"34":0,"35":0,"36":0,"37":0,"38":0,"39":0,"40":0,"41":0,"42":0,"43":0,"44":0},"f":{"0":9,"1":0,"2":0,"3":0,"4":0,"5":0,"6":0,"7":0,"8":0},"b":{"0":[1,1,1,4,1,0,1,0],"1":[1,1],"2":[1,3],"3":[2,1],"4":[1,2],"5":[1,2],"6":[1,2],"7":[0,1],"8":[0,0]},"meta":{"lastBranch":9,"lastFunction":9,"lastStatement":45,"seen":{"s:7:32:11:Infinity":0,"f:13:9:13:21":0,"b:15:4:16:Infinity:18:4:34:Infinity:36:4:49:Infinity:51:4:83:Infinity:85:4:95:Infinity:97:4:105:Infinity:107:4:111:Infinity:113:4:114:Infinity":0,"s:14:2:115:Infinity":1,"s:16:6:16:Infinity":2,"s:19:12:19:Infinity":3,"s:20:18:20:Infinity":4,"s:21:6:33:Infinity":5,"s:37:6:49:Infinity":6,"b:41:26:41:59:41:59:41:Infinity":1,"b:52:6:52:Infinity:undefined:undefined:undefined:undefined":2,"s:52:6:52:Infinity":7,"s:52:26:52:Infinity":8,"s:53:26:53:Infinity":9,"s:54:30:54:Infinity":10,"s:55:24:55:Infinity":11,"s:56:24:56:Infinity":12,"s:57:24:57:Infinity":13,"b:57:36:57:57:57:57:57:Infinity":3,"s:58:12:58:Infinity":14,"s:60:31:66:Infinity":15,"s:68:23:68:Infinity":16,"s:69:29:69:Infinity":17,"s:70:29:70:Infinity":18,"b:70:29:70:82:70:82:70:Infinity":4,"s:72:6:82:Infinity":19,"b:74:33:74:45:74:45:74:Infinity":5,"b:75:36:75:47:75:47:75:Infinity":6,"b:86:6:86:Infinity:undefined:undefined:undefined:undefined":7,"s:86:6:86:Infinity":20,"s:86:26:86:Infinity":21,"s:87:6:94:Infinity":22,"b:98:6:98:Infinity:undefined:undefined:undefined:undefined":8,"s:98:6:98:Infinity":23,"s:98:26:98:Infinity":24,"s:99:6:99:Infinity":25,"s:100:6:104:Infinity":26,"s:108:6:111:Infinity":27,"s:114:6:114:Infinity":28,"f:118:16:118:31":1,"s:119:24:119:Infinity":29,"s:121:8:121:Infinity":30,"f:121:38:121:44":2,"s:121:44:121:86":31,"s:123:8:125:Infinity":32,"f:123:35:123:36":3,"s:124:4:124:Infinity":33,"s:127:8:129:Infinity":34,"f:127:32:127:33":4,"s:128:4:128:Infinity":35,"s:131:8:133:Infinity":36,"f:131:35:131:36":5,"s:132:4:132:Infinity":37,"s:135:8:137:Infinity":38,"f:135:35:135:41":6,"s:136:4:136:Infinity":39,"s:139:8:139:Infinity":40,"f:139:36:139:42":7,"s:139:42:139:80":41,"s:140:8:140:Infinity":42,"f:140:28:140:34":8,"s:140:34:140:63":43,"s:142:2:151:Infinity":44}}}
,"/Users/f3r/code/projects/kai-math-game/src/utils/questions.ts": {"path":"/Users/f3r/code/projects/kai-math-game/src/utils/questions.ts","statementMap":{"0":{"start":{"line":5,"column":19},"end":{"line":5,"column":null}},"1":{"start":{"line":6,"column":2},"end":{"line":11,"column":null}},"2":{"start":{"line":6,"column":15},"end":{"line":6,"column":36}},"3":{"start":{"line":7,"column":14},"end":{"line":7,"column":null}},"4":{"start":{"line":8,"column":17},"end":{"line":8,"column":null}},"5":{"start":{"line":9,"column":4},"end":{"line":9,"column":null}},"6":{"start":{"line":10,"column":4},"end":{"line":10,"column":null}},"7":{"start":{"line":12,"column":2},"end":{"line":12,"column":null}},"8":{"start":{"line":16,"column":28},"end":{"line":16,"column":null}},"9":{"start":{"line":18,"column":2},"end":{"line":27,"column":null}},"10":{"start":{"line":19,"column":4},"end":{"line":26,"column":null}},"11":{"start":{"line":19,"column":17},"end":{"line":19,"column":20}},"12":{"start":{"line":20,"column":25},"end":{"line":20,"column":null}},"13":{"start":{"line":21,"column":6},"end":{"line":25,"column":null}},"14":{"start":{"line":29,"column":19},"end":{"line":29,"column":null}},"15":{"start":{"line":30,"column":2},"end":{"line":30,"column":null}}},"fnMap":{"0":{"name":"fisherYatesShuffle","decl":{"start":{"line":4,"column":9},"end":{"line":4,"column":31}},"loc":{"start":{"line":4,"column":57},"end":{"line":13,"column":null}},"line":4},"1":{"name":"generateQuestions","decl":{"start":{"line":15,"column":16},"end":{"line":15,"column":34}},"loc":{"start":{"line":15,"column":73},"end":{"line":31,"column":null}},"line":15}},"branchMap":{"0":{"loc":{"start":{"line":22,"column":17},"end":{"line":22,"column":null}},"type":"cond-expr","locations":[{"start":{"line":22,"column":30},"end":{"line":22,"column":34}},{"start":{"line":22,"column":34},"end":{"line":22,"column":null}}],"line":22},"1":{"loc":{"start":{"line":23,"column":17},"end":{"line":23,"column":null}},"type":"cond-expr","locations":[{"start":{"line":23,"column":30},"end":{"line":23,"column":38}},{"start":{"line":23,"column":38},"end":{"line":23,"column":null}}],"line":23}},"s":{"0":7,"1":7,"2":7,"3":101,"4":101,"5":101,"6":101,"7":7,"8":7,"9":7,"10":9,"11":9,"12":108,"13":108,"14":7,"15":7},"f":{"0":7,"1":7},"b":{"0":[55,53],"1":[55,53]},"meta":{"lastBranch":2,"lastFunction":2,"lastStatement":16,"seen":{"f:4:9:4:31":0,"s:5:19:5:Infinity":0,"s:6:2:11:Infinity":1,"s:6:15:6:36":2,"s:7:14:7:Infinity":3,"s:8:17:8:Infinity":4,"s:9:4:9:Infinity":5,"s:10:4:10:Infinity":6,"s:12:2:12:Infinity":7,"f:15:16:15:34":1,"s:16:28:16:Infinity":8,"s:18:2:27:Infinity":9,"s:19:4:26:Infinity":10,"s:19:17:19:20":11,"s:20:25:20:Infinity":12,"s:21:6:25:Infinity":13,"b:22:30:22:34:22:34:22:Infinity":0,"b:23:30:23:38:23:38:23:Infinity":1,"s:29:19:29:Infinity":14,"s:30:2:30:Infinity":15}}}
,"/Users/f3r/code/projects/kai-math-game/src/utils/scoring.ts": {"path":"/Users/f3r/code/projects/kai-math-game/src/utils/scoring.ts","statementMap":{"0":{"start":{"line":12,"column":2},"end":{"line":12,"column":null}},"1":{"start":{"line":12,"column":18},"end":{"line":12,"column":null}},"2":{"start":{"line":14,"column":15},"end":{"line":14,"column":null}},"3":{"start":{"line":15,"column":2},"end":{"line":15,"column":null}},"4":{"start":{"line":17,"column":2},"end":{"line":21,"column":null}},"5":{"start":{"line":18,"column":4},"end":{"line":18,"column":null}},"6":{"start":{"line":19,"column":2},"end":{"line":21,"column":null}},"7":{"start":{"line":20,"column":4},"end":{"line":20,"column":null}},"8":{"start":{"line":23,"column":2},"end":{"line":23,"column":null}},"9":{"start":{"line":27,"column":2},"end":{"line":27,"column":null}},"10":{"start":{"line":27,"column":38},"end":{"line":27,"column":null}},"11":{"start":{"line":28,"column":2},"end":{"line":28,"column":null}},"12":{"start":{"line":28,"column":36},"end":{"line":28,"column":null}},"13":{"start":{"line":29,"column":2},"end":{"line":29,"column":null}},"14":{"start":{"line":33,"column":2},"end":{"line":33,"column":null}}},"fnMap":{"0":{"name":"calculatePoints","decl":{"start":{"line":11,"column":16},"end":{"line":11,"column":32}},"loc":{"start":{"line":11,"column":97},"end":{"line":24,"column":null}},"line":11},"1":{"name":"calculateStars","decl":{"start":{"line":26,"column":16},"end":{"line":26,"column":31}},"loc":{"start":{"line":26,"column":54},"end":{"line":30,"column":null}},"line":26},"2":{"name":"isPerfectGame","decl":{"start":{"line":32,"column":16},"end":{"line":32,"column":30}},"loc":{"start":{"line":32,"column":85},"end":{"line":34,"column":null}},"line":32}},"branchMap":{"0":{"loc":{"start":{"line":12,"column":2},"end":{"line":12,"column":null}},"type":"if","locations":[{"start":{"line":12,"column":2},"end":{"line":12,"column":null}},{"start":{},"end":{}}],"line":12},"1":{"loc":{"start":{"line":17,"column":2},"end":{"line":21,"column":null}},"type":"if","locations":[{"start":{"line":17,"column":2},"end":{"line":21,"column":null}},{"start":{"line":19,"column":2},"end":{"line":21,"column":null}}],"line":17},"2":{"loc":{"start":{"line":19,"column":2},"end":{"line":21,"column":null}},"type":"if","locations":[{"start":{"line":19,"column":2},"end":{"line":21,"column":null}},{"start":{},"end":{}}],"line":19},"3":{"loc":{"start":{"line":27,"column":2},"end":{"line":27,"column":null}},"type":"if","locations":[{"start":{"line":27,"column":2},"end":{"line":27,"column":null}},{"start":{},"end":{}}],"line":27},"4":{"loc":{"start":{"line":28,"column":2},"end":{"line":28,"column":null}},"type":"if","locations":[{"start":{"line":28,"column":2},"end":{"line":28,"column":null}},{"start":{},"end":{}}],"line":28}},"s":{"0":11,"1":3,"2":8,"3":8,"4":8,"5":3,"6":5,"7":2,"8":8,"9":6,"10":2,"11":4,"12":2,"13":2,"14":2},"f":{"0":11,"1":6,"2":2},"b":{"0":[3,8],"1":[3,5],"2":[2,3],"3":[2,4],"4":[2,2]},"meta":{"lastBranch":5,"lastFunction":3,"lastStatement":15,"seen":{"f:11:16:11:32":0,"b:12:2:12:Infinity:undefined:undefined:undefined:undefined":0,"s:12:2:12:Infinity":0,"s:12:18:12:Infinity":1,"s:14:15:14:Infinity":2,"s:15:2:15:Infinity":3,"b:17:2:21:Infinity:19:2:21:Infinity":1,"s:17:2:21:Infinity":4,"s:18:4:18:Infinity":5,"b:19:2:21:Infinity:undefined:undefined:undefined:undefined":2,"s:19:2:21:Infinity":6,"s:20:4:20:Infinity":7,"s:23:2:23:Infinity":8,"f:26:16:26:31":1,"b:27:2:27:Infinity:undefined:undefined:undefined:undefined":3,"s:27:2:27:Infinity":9,"s:27:38:27:Infinity":10,"b:28:2:28:Infinity:undefined:undefined:undefined:undefined":4,"s:28:2:28:Infinity":11,"s:28:36:28:Infinity":12,"s:29:2:29:Infinity":13,"f:32:16:32:30":2,"s:33:2:33:Infinity":14}}}
,"/Users/f3r/code/projects/kai-math-game/src/utils/storage.ts": {"path":"/Users/f3r/code/projects/kai-math-game/src/utils/storage.ts","statementMap":{"0":{"start":{"line":4,"column":2},"end":{"line":11,"column":null}},"1":{"start":{"line":5,"column":19},"end":{"line":5,"column":null}},"2":{"start":{"line":6,"column":4},"end":{"line":6,"column":null}},"3":{"start":{"line":6,"column":25},"end":{"line":6,"column":null}},"4":{"start":{"line":7,"column":19},"end":{"line":7,"column":null}},"5":{"start":{"line":8,"column":4},"end":{"line":8,"column":null}},"6":{"start":{"line":10,"column":4},"end":{"line":10,"column":null}},"7":{"start":{"line":15,"column":2},"end":{"line":19,"column":null}},"8":{"start":{"line":16,"column":4},"end":{"line":16,"column":null}},"9":{"start":{"line":23,"column":18},"end":{"line":23,"column":null}},"10":{"start":{"line":24,"column":2},"end":{"line":27,"column":null}},"11":{"start":{"line":25,"column":4},"end":{"line":25,"column":null}},"12":{"start":{"line":26,"column":4},"end":{"line":26,"column":null}},"13":{"start":{"line":28,"column":2},"end":{"line":28,"column":null}}},"fnMap":{"0":{"name":"getHighScore","decl":{"start":{"line":3,"column":16},"end":{"line":3,"column":39}},"loc":{"start":{"line":3,"column":39},"end":{"line":12,"column":null}},"line":3},"1":{"name":"setHighScore","decl":{"start":{"line":14,"column":16},"end":{"line":14,"column":29}},"loc":{"start":{"line":14,"column":50},"end":{"line":20,"column":null}},"line":14},"2":{"name":"updateHighScoreIfNeeded","decl":{"start":{"line":22,"column":16},"end":{"line":22,"column":40}},"loc":{"start":{"line":22,"column":64},"end":{"line":29,"column":null}},"line":22}},"branchMap":{"0":{"loc":{"start":{"line":6,"column":4},"end":{"line":6,"column":null}},"type":"if","locations":[{"start":{"line":6,"column":4},"end":{"line":6,"column":null}},{"start":{},"end":{}}],"line":6},"1":{"loc":{"start":{"line":8,"column":11},"end":{"line":8,"column":null}},"type":"cond-expr","locations":[{"start":{"line":8,"column":37},"end":{"line":8,"column":46}},{"start":{"line":8,"column":46},"end":{"line":8,"column":null}}],"line":8},"2":{"loc":{"start":{"line":24,"column":2},"end":{"line":27,"column":null}},"type":"if","locations":[{"start":{"line":24,"column":2},"end":{"line":27,"column":null}},{"start":{},"end":{}}],"line":24}},"s":{"0":12,"1":12,"2":12,"3":5,"4":7,"5":7,"6":0,"7":6,"8":6,"9":4,"10":4,"11":2,"12":2,"13":2},"f":{"0":12,"1":6,"2":4},"b":{"0":[5,7],"1":[6,1],"2":[2,2]},"meta":{"lastBranch":3,"lastFunction":3,"lastStatement":14,"seen":{"f:3:16:3:39":0,"s:4:2:11:Infinity":0,"s:5:19:5:Infinity":1,"b:6:4:6:Infinity:undefined:undefined:undefined:undefined":0,"s:6:4:6:Infinity":2,"s:6:25:6:Infinity":3,"s:7:19:7:Infinity":4,"s:8:4:8:Infinity":5,"b:8:37:8:46:8:46:8:Infinity":1,"s:10:4:10:Infinity":6,"f:14:16:14:29":1,"s:15:2:19:Infinity":7,"s:16:4:16:Infinity":8,"f:22:16:22:40":2,"s:23:18:23:Infinity":9,"b:24:2:27:Infinity:undefined:undefined:undefined:undefined":2,"s:24:2:27:Infinity":10,"s:25:4:25:Infinity":11,"s:26:4:26:Infinity":12,"s:28:2:28:Infinity":13}}}
}
